<?xml version="1.0" encoding="UTF-8"?>
<!-- Generated by org.testng.reporters.JUnitXMLReporter -->
<testsuite ignored="0" hostname="DESKTOP-VQMDNUN" failures="0" tests="4" name="testng" time="27.134" errors="0" timestamp="2021-04-17T23:37:32 IST">
  <testcase classname="client.web.ui.testng.Validate_login_functionality" name="Precondition_to_validate_login_functionality" time="12.119"/>
  <testcase classname="client.web.ui.testng.Validate_login_functionality" name="validate_login_with_incorrect_username" time="8.653"/>
  <testcase classname="client.web.ui.testng.Validate_login_functionality" name="validate_login_with_incorrect_password" time="2.789"/>
  <testcase classname="client.web.ui.testng.Validate_login_functionality" name="validate_login_with_correct_credentials" time="3.269"/>
</testsuite> <!-- testng -->
