<?xml version="1.0" encoding="UTF-8"?>
<!-- Generated by org.testng.reporters.JUnitXMLReporter -->
<testsuite ignored="0" hostname="DESKTOP-VQMDNUN" failures="0" tests="4" name="testng" time="18.757" errors="0" timestamp="2021-04-13T21:51:20 IST">
  <testcase classname="sample.Validate_login_functionality" name="Precondition_to_validate_login_functionality" time="6.997"/>
  <testcase classname="sample.Validate_login_functionality" name="validate_login_with_incorrect_username" time="5.225"/>
  <testcase classname="sample.Validate_login_functionality" name="validate_login_with_incorrect_password" time="3.037"/>
  <testcase classname="sample.Validate_login_functionality" name="validate_login_with_correct_credentials" time="3.357"/>
</testsuite> <!-- testng -->
